Using pre-set license
Built from '2020.3/staging' branch; Version is '2020.3.25f1 (9b9180224418) revision 10195328'; Using compiler version '192528614'; Build Type 'Release'
OS: 'Windows 10  (10.0.19042) 64bit Professional' Language: 'ko' Physical Memory: 16300 MB
BatchMode: 1, IsHumanControllingUs: 0, StartBugReporterOnCrash: 0, Is64bit: 1, IsPro: 0

COMMAND LINE ARGUMENTS:
D:\New Unity Project\2020.3.25f1\Editor\Unity.exe
-adb2
-batchMode
-noUpm
-name
AssetImportWorker0
-projectPath
C:/Users/dltng/Desktop/새 폴더 (3)/Minecraft-/Minecraft
-logFile
Logs/AssetImportWorker0.log
-srvPort
9590
Successfully changed project path to: C:/Users/dltng/Desktop/새 폴더 (3)/Minecraft-/Minecraft
C:/Users/dltng/Desktop/새 폴더 (3)/Minecraft-/Minecraft
Using Asset Import Pipeline V2.
Refreshing native plugins compatible for Editor in 34.14 ms, found 2 plugins.
Preloading 0 native plugins for Editor in 0.00 ms.
Initialize engine version: 2020.3.25f1 (9b9180224418)
[Subsystems] Discovering subsystems at path D:/New Unity Project/2020.3.25f1/Editor/Data/Resources/UnitySubsystems
[Subsystems] Discovering subsystems at path C:/Users/dltng/Desktop/새 폴더 (3)/Minecraft-/Minecraft/Assets
GfxDevice: creating device client; threaded=0
Direct3D:
    Version:  Direct3D 11.0 [level 11.1]
    Renderer: NVIDIA GeForce GTX 1070 Ti (ID=0x1b82)
    Vendor:   
    VRAM:     8079 MB
    Driver:   30.0.14.9649
Initialize mono
Mono path[0] = 'D:/New Unity Project/2020.3.25f1/Editor/Data/Managed'
Mono path[1] = 'D:/New Unity Project/2020.3.25f1/Editor/Data/MonoBleedingEdge/lib/mono/unityjit'
Mono config path = 'D:/New Unity Project/2020.3.25f1/Editor/Data/MonoBleedingEdge/etc'
Using monoOptions --debugger-agent=transport=dt_socket,embedding=1,server=y,suspend=n,address=127.0.0.1:56540
Begin MonoManager ReloadAssembly
Registering precompiled unity dll's ...
Register platform support module: D:/New Unity Project/2020.3.25f1/Editor/Data/PlaybackEngines/WindowsStandaloneSupport/UnityEditor.WindowsStandalone.Extensions.dll
Registered in 0.000918 seconds.
Native extension for WindowsStandalone target not found
Refreshing native plugins compatible for Editor in 30.11 ms, found 2 plugins.
Preloading 0 native plugins for Editor in 0.00 ms.
Mono: successfully reloaded assembly
- Completed reload, in  0.512 seconds
Domain Reload Profiling:
	ReloadAssembly (513ms)
		BeginReloadAssembly (52ms)
			ExecutionOrderSort (0ms)
			DisableScriptedObjects (0ms)
			BackupInstance (0ms)
			ReleaseScriptingObjects (0ms)
			CreateAndSetChildDomain (1ms)
		EndReloadAssembly (401ms)
			LoadAssemblies (51ms)
			RebuildTransferFunctionScriptingTraits (0ms)
			SetupTypeCache (132ms)
			ReleaseScriptCaches (0ms)
			RebuildScriptCaches (27ms)
			SetupLoadedEditorAssemblies (148ms)
				LogAssemblyErrors (0ms)
				InitializePlatformSupportModulesInManaged (3ms)
				SetLoadedEditorAssemblies (0ms)
				RefreshPlugins (30ms)
				BeforeProcessingInitializeOnLoad (16ms)
				ProcessInitializeOnLoadAttributes (70ms)
				ProcessInitializeOnLoadMethodAttributes (28ms)
				AfterProcessingInitializeOnLoad (0ms)
				EditorAssembliesLoaded (0ms)
			ExecutionOrderSort2 (0ms)
			AwakeInstancesAfterBackupRestoration (0ms)
Platform modules already initialized, skipping
Registering precompiled user dll's ...
Registered in 0.005656 seconds.
Begin MonoManager ReloadAssembly
Native extension for WindowsStandalone target not found
Refreshing native plugins compatible for Editor in 0.30 ms, found 2 plugins.
Preloading 0 native plugins for Editor in 0.00 ms.
Mono: successfully reloaded assembly
- Completed reload, in  0.880 seconds
Domain Reload Profiling:
	ReloadAssembly (881ms)
		BeginReloadAssembly (137ms)
			ExecutionOrderSort (0ms)
			DisableScriptedObjects (5ms)
			BackupInstance (0ms)
			ReleaseScriptingObjects (0ms)
			CreateAndSetChildDomain (17ms)
		EndReloadAssembly (695ms)
			LoadAssemblies (88ms)
			RebuildTransferFunctionScriptingTraits (0ms)
			SetupTypeCache (251ms)
			ReleaseScriptCaches (0ms)
			RebuildScriptCaches (37ms)
			SetupLoadedEditorAssemblies (253ms)
				LogAssemblyErrors (0ms)
				InitializePlatformSupportModulesInManaged (4ms)
				SetLoadedEditorAssemblies (0ms)
				RefreshPlugins (0ms)
				BeforeProcessingInitializeOnLoad (68ms)
				ProcessInitializeOnLoadAttributes (170ms)
				ProcessInitializeOnLoadMethodAttributes (9ms)
				AfterProcessingInitializeOnLoad (2ms)
				EditorAssembliesLoaded (0ms)
			ExecutionOrderSort2 (0ms)
			AwakeInstancesAfterBackupRestoration (5ms)
Platform modules already initialized, skipping
========================================================================
Worker process is ready to serve import requests
Launched and connected shader compiler UnityShaderCompiler.exe after 0.04 seconds
Refreshing native plugins compatible for Editor in 0.33 ms, found 2 plugins.
Preloading 0 native plugins for Editor in 0.00 ms.
Unloading 1516 Unused Serialized files (Serialized files now loaded: 0)
System memory in use before: 155.3 MB.
System memory in use after: 155.4 MB.

Unloading 19 unused Assets to reduce memory usage. Loaded Objects now: 1969.
Total: 2.735600 ms (FindLiveObjects: 0.125800 ms CreateObjectMapping: 0.045700 ms MarkObjects: 2.468200 ms  DeleteObjects: 0.095000 ms)

AssetImportParameters requested are different than current active one (requested -> active):
  custom:framework-win-MediaFoundation: 216162199b28c13a410421893ffa2e32 -> 
  custom:video-decoder-ogg-theora: a1e56fd34408186e4bbccfd4996cb3dc -> 
  custom:container-muxer-webm: aa71ff27fc2769a1b78a27578f13a17b -> 
  custom:container-demuxer-webm: 4f35f7cbe854078d1ac9338744f61a02 -> 
  custom:container-demuxer-ogg: 62fdf1f143b41e24485cea50d1cbac27 -> 
  custom:video-encoder-webm-vp8: eb34c28f22e8b96e1ab97ce403110664 -> 
  custom:video-decoder-webm-vp8: 9c59270c3fd7afecdb556c50c9e8de78 -> 
  custom:audio-decoder-ogg-vorbis: bf7c407c2cedff20999df2af8eb42d56 -> 
  custom:audio-encoder-webm-vorbis: bf7c407c2cedff20999df2af8eb42d56 -> 
========================================================================
Received Import Request.
  path: Assets/Materials/333.mat
  artifactKey: Guid(f3e444d76009a36468c4edc3411412f3) Importer(815301076,1909f56bfc062723c751e8b465ee728b)
Start importing Assets/Materials/333.mat using Guid(f3e444d76009a36468c4edc3411412f3) Importer(815301076,1909f56bfc062723c751e8b465ee728b)  -> (artifact id: '13d6f15fd70d838689e7f3331c0ee1b3') in 0.100219 seconds 
  Import took 0.102528 seconds .

========================================================================
Received Import Request.
  Time since last request: 0.000365 seconds.
  path: Assets/Prefebs/text.prefab
  artifactKey: Guid(78de79b8a550d4f459222c80c7ab4c04) Importer(815301076,1909f56bfc062723c751e8b465ee728b)
Start importing Assets/Prefebs/text.prefab using Guid(78de79b8a550d4f459222c80c7ab4c04) Importer(815301076,1909f56bfc062723c751e8b465ee728b)  -> (artifact id: 'f5d8fb70675332d2b1ac11fe61f0eb71') in 0.012253 seconds 
  Import took 0.014896 seconds .

========================================================================
Received Import Request.
  Time since last request: 0.000302 seconds.
  path: Assets/Materials/asd.mat
  artifactKey: Guid(0f74ac1fb60177b4fbf83213744930f2) Importer(815301076,1909f56bfc062723c751e8b465ee728b)
Start importing Assets/Materials/asd.mat using Guid(0f74ac1fb60177b4fbf83213744930f2) Importer(815301076,1909f56bfc062723c751e8b465ee728b)  -> (artifact id: '534c5b85969ac8f7f8d3e4ddac4a287d') in 0.009198 seconds 
  Import took 0.012396 seconds .

========================================================================
Received Import Request.
  Time since last request: 6.848015 seconds.
  path: Assets/Resources/Texture
  artifactKey: Guid(04b59fd19b7992d43a78ae3af5fa9101) Importer(815301076,1909f56bfc062723c751e8b465ee728b)
Start importing Assets/Resources/Texture using Guid(04b59fd19b7992d43a78ae3af5fa9101) Importer(815301076,1909f56bfc062723c751e8b465ee728b)  -> (artifact id: '3405349821a04727ab861bade2bda267') in 0.001767 seconds 
  Import took 0.004541 seconds .

========================================================================
Received Import Request.
  Time since last request: 0.054802 seconds.
  path: Assets/Resources/Texture/itemCode.jpg
  artifactKey: Guid(144b607a7eb43964f8d31966de8da28d) Importer(815301076,1909f56bfc062723c751e8b465ee728b)
Start importing Assets/Resources/Texture/itemCode.jpg using Guid(144b607a7eb43964f8d31966de8da28d) Importer(815301076,1909f56bfc062723c751e8b465ee728b)  -> (artifact id: '4ee74c244f9a7405243ce7489ab5f730') in 0.059824 seconds 
  Import took 0.061950 seconds .

========================================================================
Received Import Request.
  Time since last request: 0.000267 seconds.
  path: Assets/Resources/Texture/itemCode1.png
  artifactKey: Guid(5cee2ec3f912c3442ad7dfef11188a1d) Importer(815301076,1909f56bfc062723c751e8b465ee728b)
Start importing Assets/Resources/Texture/itemCode1.png using Guid(5cee2ec3f912c3442ad7dfef11188a1d) Importer(815301076,1909f56bfc062723c751e8b465ee728b)  -> (artifact id: 'ea82421788cc7d427dc844b696022af9') in 0.011624 seconds 
  Import took 0.013852 seconds .

========================================================================
Received Import Request.
  Time since last request: 0.000332 seconds.
  path: Assets/Resources/Texture/itemCode4.png
  artifactKey: Guid(ddad8b81fd2b56c45b9d61d537fee25c) Importer(815301076,1909f56bfc062723c751e8b465ee728b)
Start importing Assets/Resources/Texture/itemCode4.png using Guid(ddad8b81fd2b56c45b9d61d537fee25c) Importer(815301076,1909f56bfc062723c751e8b465ee728b)  -> (artifact id: '4f56e01c5cb824eaa92adaef5c70a041') in 0.009102 seconds 
  Import took 0.011441 seconds .

========================================================================
Received Import Request.
  Time since last request: 0.000313 seconds.
  path: Assets/Resources/Texture/TextureAtlasesImage.png
  artifactKey: Guid(9073b4f374c226b4fafa1b685410a949) Importer(815301076,1909f56bfc062723c751e8b465ee728b)
Start importing Assets/Resources/Texture/TextureAtlasesImage.png using Guid(9073b4f374c226b4fafa1b685410a949) Importer(815301076,1909f56bfc062723c751e8b465ee728b)  -> (artifact id: '32593f5e1f01939584147fd5bcb45ac8') in 0.008086 seconds 
  Import took 0.011126 seconds .

========================================================================
Received Import Request.
  Time since last request: 0.000432 seconds.
  path: Assets/Resources/Texture/itemCode2.png
  artifactKey: Guid(2d56a6ddea2db8d40b3cb37c7334d772) Importer(815301076,1909f56bfc062723c751e8b465ee728b)
Start importing Assets/Resources/Texture/itemCode2.png using Guid(2d56a6ddea2db8d40b3cb37c7334d772) Importer(815301076,1909f56bfc062723c751e8b465ee728b)  -> (artifact id: 'ae4228cd96bbe05884f6160c12f38365') in 0.005798 seconds 
  Import took 0.008445 seconds .

========================================================================
Received Import Request.
  Time since last request: 0.000301 seconds.
  path: Assets/Resources/Texture/itemCode3.png
  artifactKey: Guid(dc689205c1ea347438845bf173c92507) Importer(815301076,1909f56bfc062723c751e8b465ee728b)
Start importing Assets/Resources/Texture/itemCode3.png using Guid(dc689205c1ea347438845bf173c92507) Importer(815301076,1909f56bfc062723c751e8b465ee728b)  -> (artifact id: '2051faac7ab825b699f09608858105e6') in 0.010738 seconds 
  Import took 0.013013 seconds .

========================================================================
Received Import Request.
  Time since last request: 0.000240 seconds.
  path: Assets/Resources/Texture/itmeCode5.png
  artifactKey: Guid(fe57c7a8ce8dfb047924de6cf10f2554) Importer(815301076,1909f56bfc062723c751e8b465ee728b)
Start importing Assets/Resources/Texture/itmeCode5.png using Guid(fe57c7a8ce8dfb047924de6cf10f2554) Importer(815301076,1909f56bfc062723c751e8b465ee728b)  -> (artifact id: 'a6c233c535afcec62616c6630552bef7') in 0.008823 seconds 
  Import took 0.011871 seconds .

========================================================================
Received Prepare
Refreshing native plugins compatible for Editor in 3.80 ms, found 2 plugins.
Preloading 0 native plugins for Editor in 0.00 ms.
Unloading 12 Unused Serialized files (Serialized files now loaded: 0)
System memory in use before: 129.0 MB.
System memory in use after: 129.1 MB.

Unloading 12 unused Assets to reduce memory usage. Loaded Objects now: 2012.
Total: 2.652600 ms (FindLiveObjects: 0.140800 ms CreateObjectMapping: 0.044000 ms MarkObjects: 2.453300 ms  DeleteObjects: 0.013500 ms)

AssetImportParameters requested are different than current active one (requested -> active):
  custom:framework-win-MediaFoundation: 216162199b28c13a410421893ffa2e32 -> 
  custom:video-decoder-ogg-theora: a1e56fd34408186e4bbccfd4996cb3dc -> 
  custom:container-muxer-webm: aa71ff27fc2769a1b78a27578f13a17b -> 
  custom:container-demuxer-webm: 4f35f7cbe854078d1ac9338744f61a02 -> 
  custom:container-demuxer-ogg: 62fdf1f143b41e24485cea50d1cbac27 -> 
  custom:video-encoder-webm-vp8: eb34c28f22e8b96e1ab97ce403110664 -> 
  custom:video-decoder-webm-vp8: 9c59270c3fd7afecdb556c50c9e8de78 -> 
  custom:audio-decoder-ogg-vorbis: bf7c407c2cedff20999df2af8eb42d56 -> 
  custom:audio-encoder-webm-vorbis: bf7c407c2cedff20999df2af8eb42d56 -> 
========================================================================
Received Import Request.
  Time since last request: 47.036566 seconds.
  path: Assets/Resources/Texture/TextureAtlasesImage.png
  artifactKey: Guid(9073b4f374c226b4fafa1b685410a949) Importer(815301076,1909f56bfc062723c751e8b465ee728b)
Start importing Assets/Resources/Texture/TextureAtlasesImage.png using Guid(9073b4f374c226b4fafa1b685410a949) Importer(815301076,1909f56bfc062723c751e8b465ee728b)  -> (artifact id: '02ceb884ca33a51575bd9d3c95a29f6f') in 0.008029 seconds 
  Import took 0.010665 seconds .

========================================================================
Received Prepare
Registering precompiled user dll's ...
Registered in 0.004967 seconds.
Begin MonoManager ReloadAssembly
Native extension for WindowsStandalone target not found
Refreshing native plugins compatible for Editor in 0.35 ms, found 2 plugins.
Preloading 0 native plugins for Editor in 0.00 ms.
Mono: successfully reloaded assembly
- Completed reload, in  1.063 seconds
Domain Reload Profiling:
	ReloadAssembly (1064ms)
		BeginReloadAssembly (110ms)
			ExecutionOrderSort (0ms)
			DisableScriptedObjects (4ms)
			BackupInstance (0ms)
			ReleaseScriptingObjects (0ms)
			CreateAndSetChildDomain (30ms)
		EndReloadAssembly (897ms)
			LoadAssemblies (103ms)
			RebuildTransferFunctionScriptingTraits (0ms)
			SetupTypeCache (283ms)
			ReleaseScriptCaches (1ms)
			RebuildScriptCaches (35ms)
			SetupLoadedEditorAssemblies (390ms)
				LogAssemblyErrors (0ms)
				InitializePlatformSupportModulesInManaged (4ms)
				SetLoadedEditorAssemblies (0ms)
				RefreshPlugins (0ms)
				BeforeProcessingInitializeOnLoad (151ms)
				ProcessInitializeOnLoadAttributes (224ms)
				ProcessInitializeOnLoadMethodAttributes (8ms)
				AfterProcessingInitializeOnLoad (2ms)
				EditorAssembliesLoaded (0ms)
			ExecutionOrderSort2 (0ms)
			AwakeInstancesAfterBackupRestoration (7ms)
Platform modules already initialized, skipping
Refreshing native plugins compatible for Editor in 0.34 ms, found 2 plugins.
Preloading 0 native plugins for Editor in 0.00 ms.
Unloading 1510 Unused Serialized files (Serialized files now loaded: 0)
System memory in use before: 158.5 MB.
System memory in use after: 158.6 MB.

Unloading 14 unused Assets to reduce memory usage. Loaded Objects now: 2014.
Total: 3.266300 ms (FindLiveObjects: 0.176700 ms CreateObjectMapping: 0.048900 ms MarkObjects: 3.024000 ms  DeleteObjects: 0.015300 ms)

AssetImportParameters requested are different than current active one (requested -> active):
  custom:framework-win-MediaFoundation: 216162199b28c13a410421893ffa2e32 -> 
  custom:video-decoder-ogg-theora: a1e56fd34408186e4bbccfd4996cb3dc -> 
  custom:container-muxer-webm: aa71ff27fc2769a1b78a27578f13a17b -> 
  custom:container-demuxer-webm: 4f35f7cbe854078d1ac9338744f61a02 -> 
  custom:container-demuxer-ogg: 62fdf1f143b41e24485cea50d1cbac27 -> 
  custom:video-encoder-webm-vp8: eb34c28f22e8b96e1ab97ce403110664 -> 
  custom:video-decoder-webm-vp8: 9c59270c3fd7afecdb556c50c9e8de78 -> 
  custom:audio-decoder-ogg-vorbis: bf7c407c2cedff20999df2af8eb42d56 -> 
  custom:audio-encoder-webm-vorbis: bf7c407c2cedff20999df2af8eb42d56 -> 
AssetImportWorkerClient::OnTransportError - code=2 error=End of file
